{"level":"info","message":"🚀 Servidor corriendo en puerto 3000","timestamp":"2026-03-12T12:23:09.977Z"}
{"level":"info","message":"🌱 Iniciando seed...","timestamp":"2026-03-12T13:01:51.599Z"}
{"level":"info","message":"✅ 69 equipos insertados","timestamp":"2026-03-12T13:01:51.637Z"}
{"level":"info","message":"✅ 30 jugadores insertados","timestamp":"2026-03-12T13:01:51.659Z"}
{"level":"info","message":"🎉 Seed completado exitosamente","timestamp":"2026-03-12T13:01:51.660Z"}
{"level":"info","message":"🌱 Iniciando seed...","timestamp":"2026-03-12T13:51:58.151Z"}
{"level":"info","message":"✅ 118 equipos insertados","timestamp":"2026-03-12T13:51:58.195Z"}
{"level":"info","message":"✅ 84 jugadores insertados","timestamp":"2026-03-12T13:51:58.257Z"}
{"level":"info","message":"🎉 Seed completado exitosamente","timestamp":"2026-03-12T13:51:58.258Z"}
{"level":"info","message":"🌱 Iniciando seed...","timestamp":"2026-03-12T15:13:19.580Z"}
{"level":"info","message":"✅ 118 equipos insertados","timestamp":"2026-03-12T15:13:19.644Z"}
{"level":"info","message":"✅ 177 jugadores insertados","timestamp":"2026-03-12T15:13:19.785Z"}
{"level":"info","message":"🎉 Seed completado exitosamente","timestamp":"2026-03-12T15:13:19.786Z"}
{"level":"info","message":"🌱 Iniciando seed...","timestamp":"2026-03-12T17:16:06.112Z"}
{"level":"info","message":"✅ 118 equipos insertados","timestamp":"2026-03-12T17:16:06.159Z"}
{"level":"info","message":"✅ 177 jugadores insertados","timestamp":"2026-03-12T17:16:06.262Z"}
{"level":"info","message":"🎉 Seed completado exitosamente","timestamp":"2026-03-12T17:16:06.263Z"}
{"level":"info","message":"🌱 Iniciando seed...","timestamp":"2026-03-12T17:18:54.091Z"}
{"level":"info","message":"🌱 Iniciando seed...","timestamp":"2026-03-12T17:32:14.468Z"}
{"level":"info","message":"✅ 118 equipos insertados","timestamp":"2026-03-12T17:32:14.560Z"}
{"level":"info","message":"✅ 177 jugadores insertados","timestamp":"2026-03-12T17:32:14.782Z"}
{"level":"info","message":"🎉 Seed completado exitosamente","timestamp":"2026-03-12T17:32:14.785Z"}
{"level":"info","message":"🚀 Servidor corriendo en puerto 3000","timestamp":"2026-03-13T13:08:13.401Z"}
{"level":"info","message":"request","method":"GET","path":"/api/health","timestamp":"2026-03-13T13:08:37.366Z"}
{"level":"info","message":"🚀 Servidor corriendo en puerto 3000","timestamp":"2026-03-13T13:11:51.496Z"}
{"level":"info","message":"request","method":"POST","path":"/api/auth/register","timestamp":"2026-03-13T13:12:38.778Z"}
{"level":"info","message":"user_registered","timestamp":"2026-03-13T13:12:39.092Z","userId":1,"username":"mateo99"}
{"level":"info","message":"request","method":"POST","path":"/api/auth/login","timestamp":"2026-03-13T13:13:06.590Z"}
{"level":"info","message":"user_logged_in","timestamp":"2026-03-13T13:13:06.883Z","userId":1,"username":"mateo99"}
{"level":"info","message":"request","method":"GET","path":"/api/auth/me","timestamp":"2026-03-13T13:13:42.578Z"}
{"level":"info","message":"request","method":"POST","path":"/api/game/start","timestamp":"2026-03-13T13:14:02.002Z"}
{"level":"error","message":"gameRepository.createSession is not a function","method":"POST","path":"/api/game/start","stack":"TypeError: gameRepository.createSession is not a function\n    at Object.startSession (/Users/federicoramundo/Documents/TriviaFutbol/backend/src/services/gameService.js:11:42)\n    at start (/Users/federicoramundo/Documents/TriviaFutbol/backend/src/controllers/gameController.js:8:41)\n    at Layer.handleRequest (/Users/federicoramundo/Documents/TriviaFutbol/backend/node_modules/router/lib/layer.js:152:17)\n    at next (/Users/federicoramundo/Documents/TriviaFutbol/backend/node_modules/router/lib/route.js:157:13)\n    at /Users/federicoramundo/Documents/TriviaFutbol/backend/src/middlewares/validate.js:11:3\n    at Layer.handleRequest (/Users/federicoramundo/Documents/TriviaFutbol/backend/node_modules/router/lib/layer.js:152:17)\n    at next (/Users/federicoramundo/Documents/TriviaFutbol/backend/node_modules/router/lib/route.js:157:13)\n    at /Users/federicoramundo/Documents/TriviaFutbol/backend/node_modules/express-rate-limit/dist/index.cjs:947:7\n    at process.processTicksAndRejections (node:internal/process/task_queues:104:5)\n    at async /Users/federicoramundo/Documents/TriviaFutbol/backend/node_modules/express-rate-limit/dist/index.cjs:830:5","status":500,"timestamp":"2026-03-13T13:14:02.004Z"}
{"level":"info","message":"request","method":"POST","path":"/api/game/start","timestamp":"2026-03-13T13:14:28.392Z"}
{"level":"error","message":"gameRepository.createSession is not a function","method":"POST","path":"/api/game/start","stack":"TypeError: gameRepository.createSession is not a function\n    at Object.startSession (/Users/federicoramundo/Documents/TriviaFutbol/backend/src/services/gameService.js:11:42)\n    at start (/Users/federicoramundo/Documents/TriviaFutbol/backend/src/controllers/gameController.js:8:41)\n    at Layer.handleRequest (/Users/federicoramundo/Documents/TriviaFutbol/backend/node_modules/router/lib/layer.js:152:17)\n    at next (/Users/federicoramundo/Documents/TriviaFutbol/backend/node_modules/router/lib/route.js:157:13)\n    at /Users/federicoramundo/Documents/TriviaFutbol/backend/src/middlewares/validate.js:11:3\n    at Layer.handleRequest (/Users/federicoramundo/Documents/TriviaFutbol/backend/node_modules/router/lib/layer.js:152:17)\n    at next (/Users/federicoramundo/Documents/TriviaFutbol/backend/node_modules/router/lib/route.js:157:13)\n    at /Users/federicoramundo/Documents/TriviaFutbol/backend/node_modules/express-rate-limit/dist/index.cjs:947:7\n    at process.processTicksAndRejections (node:internal/process/task_queues:104:5)\n    at async /Users/federicoramundo/Documents/TriviaFutbol/backend/node_modules/express-rate-limit/dist/index.cjs:830:5","status":500,"timestamp":"2026-03-13T13:14:28.393Z"}
{"level":"info","message":"🚀 Servidor corriendo en puerto 3000","timestamp":"2026-03-13T13:15:00.133Z"}
{"level":"info","message":"request","method":"POST","path":"/api/game/start","timestamp":"2026-03-13T13:15:43.429Z"}
{"level":"error","message":"gameRepository.createSession is not a function","method":"POST","path":"/api/game/start","stack":"TypeError: gameRepository.createSession is not a function\n    at Object.startSession (/Users/federicoramundo/Documents/TriviaFutbol/backend/src/services/gameService.js:11:42)\n    at start (/Users/federicoramundo/Documents/TriviaFutbol/backend/src/controllers/gameController.js:8:41)\n    at Layer.handleRequest (/Users/federicoramundo/Documents/TriviaFutbol/backend/node_modules/router/lib/layer.js:152:17)\n    at next (/Users/federicoramundo/Documents/TriviaFutbol/backend/node_modules/router/lib/route.js:157:13)\n    at /Users/federicoramundo/Documents/TriviaFutbol/backend/src/middlewares/validate.js:11:3\n    at Layer.handleRequest (/Users/federicoramundo/Documents/TriviaFutbol/backend/node_modules/router/lib/layer.js:152:17)\n    at next (/Users/federicoramundo/Documents/TriviaFutbol/backend/node_modules/router/lib/route.js:157:13)\n    at /Users/federicoramundo/Documents/TriviaFutbol/backend/node_modules/express-rate-limit/dist/index.cjs:947:7\n    at process.processTicksAndRejections (node:internal/process/task_queues:104:5)\n    at async /Users/federicoramundo/Documents/TriviaFutbol/backend/node_modules/express-rate-limit/dist/index.cjs:830:5","status":500,"timestamp":"2026-03-13T13:15:43.438Z"}
{"level":"info","message":"🚀 Servidor corriendo en puerto 3000","timestamp":"2026-03-13T13:17:50.814Z"}
{"level":"info","message":"request","method":"POST","path":"/api/game/start","timestamp":"2026-03-13T13:18:12.637Z"}
{"difficulty":"easy","level":"info","message":"game_started","mode":"teams","sessionId":1,"timestamp":"2026-03-13T13:18:12.670Z","userId":1}
